#
# A fatal error has been detected by the Java Runtime Environment:
#
#  SIGSEGV (0xb) at pc=0x000000010df387f4, pid=14281, tid=19203
#
# JRE version: Java(TM) SE Runtime Environment (7.0_79-b15) (build 1.7.0_79-b15)
# Java VM: Java HotSpot(TM) 64-Bit Server VM (24.79-b02 mixed mode bsd-amd64 compressed oops)
# Problematic frame:
# V  [libjvm.dylib+0x3387f4]
#
# Failed to write core dump. Core dumps have been disabled. To enable core dumping, try "ulimit -c unlimited" before starting Java again
#
# If you would like to submit a bug report, please visit:
#   http://bugreport.java.com/bugreport/crash.jsp
#

---------------  T H R E A D  ---------------

Current thread (0x00007fd57b025800):  JavaThread "JDWP Transport Listener: dt_socket" daemon [_thread_in_vm, id=19203, stack(0x0000700000f47000,0x0000700001047000)]

siginfo:si_signo=SIGSEGV: si_errno=0, si_code=0 (SEGV0), si_addr=0x0000000000000000

Registers:
RAX=0x0000000000000001, RBX=0x0000700001046a8b, RCX=0x00000000000fc080, RDX=0x0000700001046a8b
RSP=0x00007000010469f0, RBP=0x0000700001046a40, RSI=0x00007fd57b025800, RDI=0x00007fd578401180
R8 =0x0000000000000005, R9 =0x0000000000000000, R10=0x0000000000000006, R11=0x00007fd578500000
R12=0x00007fd57b025800, R13=0x6f6f506e6f697463, R14=0x6f6f506e6f697463, R15=0x00007fd578401180
RIP=0x000000010df387f4, EFLAGS=0x0000000000010206, ERR=0x0000000000000000
  TRAPNO=0x000000000000000d

Top of Stack: (sp=0x00007000010469f0)
0x00007000010469f0:   00007fd57b025800 0000000000000000
0x0000700001046a00:   0000000000000000 0000000000000000
0x0000700001046a10:   00007fd57b025800 00007fd57b025800
0x0000700001046a20:   0000700001046a8b 0000700001046a90
0x0000700001046a30:   6f6f506e6f697463 0000000000000009
0x0000700001046a40:   0000700001046a60 000000010cbcd1a8
0x0000700001046a50:   0000000000000001 0000700001046b08
0x0000700001046a60:   0000700001046ad0 000000010cbb1fbb
0x0000700001046a70:   0000700001046aa0 00007fd578561420
0x0000700001046a80:   0000000a00000032 0000000900046b08
0x0000700001046a90:   0000000000000000 0000000000000000
0x0000700001046aa0:   0000000000000000 0000700001046c90
0x0000700001046ab0:   000000010cbd4dc2 00007fd57855bbb0
0x0000700001046ac0:   0000700001046b08 000000010cbe0588
0x0000700001046ad0:   0000700001046ae0 000000010cbb20b4
0x0000700001046ae0:   0000700001046d00 000000010cbbb642
0x0000700001046af0:   000010a300000013 00000000000f0200
0x0000700001046b00:   00007fd5785607c0 00007fd57856171d
0x0000700001046b10:   00007fd50000007b 00007fd578559580
0x0000700001046b20:   000000000000012c 0000700001046b58
0x0000700001046b30:   00007fd578559580 0000000000000000
0x0000700001046b40:   000010a30000001c 00007fff0000b380
0x0000700001046b50:   0000700001046b58 d57f00000a000000
0x0000700001046b60:   1c000000800a5678 6150657461647075
0x0000700001046b70:   737265676e657373 797469746e656449
0x0000700001046b80:   5c00000061746144 6f6d2f6d6f634c28
0x0000700001046b90:   42442f62646f676e 697463656c6c6f43
0x0000700001046ba0:   2f6d6f634c3b6e6f 2f62646f676e6f6d
0x0000700001046bb0:   726f737275434244 6f6d2f6d6f634c3b
0x0000700001046bc0:   42442f62646f676e 5b3b7463656a624f
0x0000700001046bd0:   616c2f6176616a4c 6e697274532f676e
0x0000700001046be0:   0000000056293b67 d57f00000a000000 

Instructions: (pc=0x000000010df387f4)
0x000000010df387d4:   00 00 00 41 f6 87 68 01 00 00 10 75 07 b8 63 00
0x000000010df387e4:   00 00 eb 7a 4d 85 f6 75 07 b8 17 00 00 00 eb 6e
0x000000010df387f4:   4d 8b 36 48 b8 fe fe fe fe fe fe fe fe 49 39 c6
0x000000010df38804:   74 e7 4d 85 f6 74 e2 48 8d 05 fe 6b 4d 00 80 38 

Register to memory mapping:

RAX=0x0000000000000001 is an unknown value
RBX=0x0000700001046a8b is pointing into the stack for thread: 0x00007fd57b025800
RCX=0x00000000000fc080 is an unknown value
RDX=0x0000700001046a8b is pointing into the stack for thread: 0x00007fd57b025800
RSP=0x00007000010469f0 is pointing into the stack for thread: 0x00007fd57b025800
RBP=0x0000700001046a40 is pointing into the stack for thread: 0x00007fd57b025800
RSI=0x00007fd57b025800 is a thread
RDI=0x00007fd578401180 is an unknown value
R8 =0x0000000000000005 is an unknown value
R9 =0x0000000000000000 is an unknown value
R10=0x0000000000000006 is an unknown value
R11=0x00007fd578500000 is an unknown value
R12=0x00007fd57b025800 is a thread
R13=0x6f6f506e6f697463 is an unknown value
R14=0x6f6f506e6f697463 is an unknown value
R15=0x00007fd578401180 is an unknown value


Stack: [0x0000700000f47000,0x0000700001047000],  sp=0x00007000010469f0,  free space=1022k
Native frames: (J=compiled Java code, j=interpreted, Vv=VM code, C=native code)
V  [libjvm.dylib+0x3387f4]
C  [libjdwp.dylib+0x201a8]  isMethodSynthetic+0x63
C  [libjdwp.dylib+0x4fbb]  methods1+0x10b
C  [libjdwp.dylib+0x50b4]  methodsWithGeneric+0xe
C  [libjdwp.dylib+0xe642]  debugLoop_run+0x1ce
C  [libjdwp.dylib+0x1f0e2]  attachThread+0x4d
V  [libjvm.dylib+0x37945a]
V  [libjvm.dylib+0x4f759d]
V  [libjvm.dylib+0x4f8ca5]
V  [libjvm.dylib+0x421c4e]
C  [libsystem_pthread.dylib+0x3c13]  _pthread_body+0x83
C  [libsystem_pthread.dylib+0x3b90]  _pthread_body+0x0
C  [libsystem_pthread.dylib+0x1375]  thread_start+0xd


---------------  P R O C E S S  ---------------

Java Threads: ( => current thread )
  0x00007fd5798b0000 JavaThread "pool-2-thread-1" daemon [_thread_blocked, id=24323, stack(0x000070000175f000,0x000070000185f000)]
  0x00007fd579047000 JavaThread "cluster-ClusterId{value='56bf591e778bed37c936eba4', description='null'}-localhost:27017" daemon [_thread_blocked, id=24071, stack(0x000070000165c000,0x000070000175c000)]
  0x00007fd57980c800 JavaThread "Service Thread" daemon [_thread_blocked, id=21763, stack(0x0000700001456000,0x0000700001556000)]
  0x00007fd57c805800 JavaThread "C2 CompilerThread1" daemon [_thread_blocked, id=21251, stack(0x0000700001353000,0x0000700001453000)]
  0x00007fd578824800 JavaThread "C2 CompilerThread0" daemon [_thread_blocked, id=20739, stack(0x0000700001250000,0x0000700001350000)]
  0x00007fd57980c000 JavaThread "JDWP Command Reader" daemon [_thread_in_native, id=20227, stack(0x000070000114d000,0x000070000124d000)]
  0x00007fd57b026800 JavaThread "JDWP Event Helper Thread" daemon [_thread_blocked, id=19715, stack(0x000070000104a000,0x000070000114a000)]
=>0x00007fd57b025800 JavaThread "JDWP Transport Listener: dt_socket" daemon [_thread_in_vm, id=19203, stack(0x0000700000f47000,0x0000700001047000)]
  0x00007fd579049000 JavaThread "Signal Dispatcher" daemon [_thread_blocked, id=15887, stack(0x0000700000e44000,0x0000700000f44000)]
  0x00007fd57b015000 JavaThread "Finalizer" daemon [_thread_blocked, id=14339, stack(0x0000700000c3b000,0x0000700000d3b000)]
  0x00007fd57b014000 JavaThread "Reference Handler" daemon [_thread_blocked, id=13827, stack(0x0000700000b38000,0x0000700000c38000)]
  0x00007fd579001000 JavaThread "main" [_thread_blocked, id=5891, stack(0x000070000011a000,0x000070000021a000)]

Other Threads:
  0x00007fd57b013800 VMThread [stack: 0x0000700000a35000,0x0000700000b35000] [id=13315]
  0x00007fd579815800 WatcherThread [stack: 0x0000700001559000,0x0000700001659000] [id=22275]

VM state:not at safepoint (normal execution)

VM Mutex/Monitor currently owned by a thread: None

Heap
 PSYoungGen      total 76800K, used 19817K [0x00000007aaa80000, 0x00000007b0000000, 0x0000000800000000)
  eden space 66048K, 30% used [0x00000007aaa80000,0x00000007abdda7a8,0x00000007aeb00000)
  from space 10752K, 0% used [0x00000007af580000,0x00000007af580000,0x00000007b0000000)
  to   space 10752K, 0% used [0x00000007aeb00000,0x00000007aeb00000,0x00000007af580000)
 ParOldGen       total 174592K, used 0K [0x0000000700000000, 0x000000070aa80000, 0x00000007aaa80000)
  object space 174592K, 0% used [0x0000000700000000,0x0000000700000000,0x000000070aa80000)
 PSPermGen       total 21504K, used 8673K [0x00000006fae00000, 0x00000006fc300000, 0x0000000700000000)
  object space 21504K, 40% used [0x00000006fae00000,0x00000006fb678610,0x00000006fc300000)

Card table byte_map: [0x0000000111723000,0x0000000111f4d000] byte_map_base: 0x000000010df4c000

Polling page: 0x000000010cbac000

Code Cache  [0x000000010e663000, 0x000000010e8d3000, 0x0000000111663000)
 total_blobs=351 nmethods=73 adapters=240 free_code_cache=48604Kb largest_free_block=49751168

Compilation events (10 events):
Event: 1681.272 Thread 0x00007fd578824800 nmethod 69 0x000000010e6e1710 code [0x000000010e6e1880, 0x000000010e6e19d8]
Event: 1681.274 Thread 0x00007fd57c805800 nmethod 68 0x000000010e6e6590 code [0x000000010e6e6720, 0x000000010e6e6b78]
Event: 1741.289 Thread 0x00007fd578824800   70             org.bson.io.OutputBuffer::write (6 bytes)
Event: 1741.290 Thread 0x00007fd578824800 nmethod 70 0x000000010e6e70d0 code [0x000000010e6e7220, 0x000000010e6e72c8]
Event: 1817.673 Thread 0x00007fd57c805800   71             java.util.concurrent.locks.AbstractQueuedSynchronizer::setState (6 bytes)
Event: 1817.674 Thread 0x00007fd57c805800 nmethod 71 0x000000010e6e14d0 code [0x000000010e6e1600, 0x000000010e6e1658]
Event: 1882.675 Thread 0x00007fd578824800   72             java.util.concurrent.locks.AbstractOwnableSynchronizer::getExclusiveOwnerThread (5 bytes)
Event: 1882.675 Thread 0x00007fd578824800 nmethod 72 0x000000010e6e6390 code [0x000000010e6e64c0, 0x000000010e6e6538]
Event: 1931.352 Thread 0x00007fd57c805800   73             java.util.concurrent.locks.AbstractQueuedSynchronizer::release (33 bytes)
Event: 1931.354 Thread 0x00007fd57c805800 nmethod 73 0x000000010e6e5ed0 code [0x000000010e6e6020, 0x000000010e6e6188]

GC Heap History (0 events):
No events

Deoptimization events (10 events):
Event: 0.621 Thread 0x00007fd579001000 Uncommon trap: reason=null_check action=make_not_entrant pc=0x000000010e6c3638 method=java.lang.String.equals(Ljava/lang/Object;)Z @ 8
Event: 0.844 Thread 0x00007fd579001000 Uncommon trap: reason=unreached action=reinterpret pc=0x000000010e6e3954 method=java.util.concurrent.ConcurrentHashMap.containsKey(Ljava/lang/Object;)Z @ 101
Event: 10.712 Thread 0x00007fd579047000 Uncommon trap: reason=class_check action=maybe_recompile pc=0x000000010e6d7cec method=org.bson.io.ByteBufferBsonInput.ensureAvailable(I)V @ 4
Event: 10.712 Thread 0x00007fd579047000 Uncommon trap: reason=class_check action=maybe_recompile pc=0x000000010e6d7cec method=org.bson.io.ByteBufferBsonInput.ensureAvailable(I)V @ 4
Event: 10.712 Thread 0x00007fd579047000 Uncommon trap: reason=class_check action=maybe_recompile pc=0x000000010e6d7cec method=org.bson.io.ByteBufferBsonInput.ensureAvailable(I)V @ 4
Event: 10.712 Thread 0x00007fd579047000 Uncommon trap: reason=class_check action=maybe_recompile pc=0x000000010e6d7cec method=org.bson.io.ByteBufferBsonInput.ensureAvailable(I)V @ 4
Event: 19.861 Thread 0x00007fd579001000 Uncommon trap: reason=bimorphic action=maybe_recompile pc=0x000000010e6ea1e8 method=java.util.HashMap.put(Ljava/lang/Object;Ljava/lang/Object;)Ljava/lang/Object; @ 137
Event: 19.861 Thread 0x00007fd579001000 Uncommon trap: reason=bimorphic action=maybe_recompile pc=0x000000010e6ea1e8 method=java.util.HashMap.put(Ljava/lang/Object;Ljava/lang/Object;)Ljava/lang/Object; @ 137
Event: 19.861 Thread 0x00007fd579001000 Uncommon trap: reason=bimorphic action=maybe_recompile pc=0x000000010e6ea1e8 method=java.util.HashMap.put(Ljava/lang/Object;Ljava/lang/Object;)Ljava/lang/Object; @ 137
Event: 19.861 Thread 0x00007fd579001000 Uncommon trap: reason=bimorphic action=maybe_recompile pc=0x000000010e6ea1e8 method=java.util.HashMap.put(Ljava/lang/Object;Ljava/lang/Object;)Ljava/lang/Object; @ 137

Internal exceptions (10 events):
Event: 122.215 Thread 0x00007fd579001000 Threw 0x00000007abc41da8 at /HUDSON/workspace/7u-2-build-macosx-x86_64/jdk7u79/2331/hotspot/src/share/vm/prims/jvm.cpp:1304
Event: 122.216 Thread 0x00007fd579001000 Threw 0x00000007abc46008 at /HUDSON/workspace/7u-2-build-macosx-x86_64/jdk7u79/2331/hotspot/src/share/vm/prims/jvm.cpp:1304
Event: 122.220 Thread 0x00007fd579001000 Threw 0x00000007abc4a838 at /HUDSON/workspace/7u-2-build-macosx-x86_64/jdk7u79/2331/hotspot/src/share/vm/prims/jvm.cpp:1304
Event: 122.221 Thread 0x00007fd579001000 Threw 0x00000007abc51060 at /HUDSON/workspace/7u-2-build-macosx-x86_64/jdk7u79/2331/hotspot/src/share/vm/prims/jvm.cpp:1304
Event: 122.222 Thread 0x00007fd579001000 Threw 0x00000007abc55400 at /HUDSON/workspace/7u-2-build-macosx-x86_64/jdk7u79/2331/hotspot/src/share/vm/prims/jvm.cpp:1304
Event: 122.223 Thread 0x00007fd579001000 Threw 0x00000007abc592e8 at /HUDSON/workspace/7u-2-build-macosx-x86_64/jdk7u79/2331/hotspot/src/share/vm/prims/jvm.cpp:1304
Event: 122.224 Thread 0x00007fd579001000 Threw 0x00000007abc5e858 at /HUDSON/workspace/7u-2-build-macosx-x86_64/jdk7u79/2331/hotspot/src/share/vm/prims/jvm.cpp:1304
Event: 122.224 Thread 0x00007fd579001000 Threw 0x00000007abc61a00 at /HUDSON/workspace/7u-2-build-macosx-x86_64/jdk7u79/2331/hotspot/src/share/vm/prims/jvm.cpp:1304
Event: 122.225 Thread 0x00007fd579001000 Threw 0x00000007abc655b0 at /HUDSON/workspace/7u-2-build-macosx-x86_64/jdk7u79/2331/hotspot/src/share/vm/prims/jvm.cpp:1304
Event: 122.226 Thread 0x00007fd579001000 Threw 0x00000007abc69b68 at /HUDSON/workspace/7u-2-build-macosx-x86_64/jdk7u79/2331/hotspot/src/share/vm/prims/jvm.cpp:1304

Events (10 events):
Event: 1940.455 Executing VM operation: GetCurrentLocation
Event: 1940.456 Executing VM operation: GetCurrentLocation done
Event: 1940.456 Executing VM operation: EnterInterpOnlyMode
Event: 1940.456 Executing VM operation: EnterInterpOnlyMode done
Event: 1940.456 Executing VM operation: ChangeSingleStep
Event: 1940.456 Executing VM operation: ChangeSingleStep done
Event: 1940.456 Executing VM operation: ChangeSingleStep
Event: 1940.456 Executing VM operation: ChangeSingleStep done
Event: 1940.458 Executing VM operation: RedefineClasses
Event: 1940.459 Executing VM operation: RedefineClasses done


Dynamic libraries:
0x0000000003b65000 	/System/Library/Frameworks/Cocoa.framework/Versions/A/Cocoa
0x0000000003b65000 	/System/Library/Frameworks/Security.framework/Versions/A/Security
0x0000000003b65000 	/System/Library/Frameworks/ApplicationServices.framework/Versions/A/ApplicationServices
0x0000000003b65000 	/usr/lib/libz.1.dylib
0x0000000003b65000 	/usr/lib/libSystem.B.dylib
0x0000000003b65000 	/usr/lib/libobjc.A.dylib
0x0000000003b65000 	/System/Library/Frameworks/CoreFoundation.framework/Versions/A/CoreFoundation
0x0000000003b65000 	/System/Library/Frameworks/Foundation.framework/Versions/C/Foundation
0x0000000003b65000 	/System/Library/Frameworks/AppKit.framework/Versions/C/AppKit
0x0000000003b65000 	/System/Library/Frameworks/CoreData.framework/Versions/A/CoreData
0x0000000003b65000 	/System/Library/PrivateFrameworks/RemoteViewServices.framework/Versions/A/RemoteViewServices
0x0000000003b65000 	/System/Library/PrivateFrameworks/UIFoundation.framework/Versions/A/UIFoundation
0x0000000003b65000 	/usr/lib/libScreenReader.dylib
0x0000000003b65000 	/System/Library/Frameworks/Accelerate.framework/Versions/A/Accelerate
0x0000000003b65000 	/System/Library/Frameworks/IOSurface.framework/Versions/A/IOSurface
0x0000000003b65000 	/System/Library/Frameworks/AudioToolbox.framework/Versions/A/AudioToolbox
0x0000000003b65000 	/System/Library/Frameworks/AudioUnit.framework/Versions/A/AudioUnit
0x0000000003b65000 	/System/Library/PrivateFrameworks/DataDetectorsCore.framework/Versions/A/DataDetectorsCore
0x0000000003b65000 	/System/Library/PrivateFrameworks/DesktopServicesPriv.framework/Versions/A/DesktopServicesPriv
0x0000000003b65000 	/System/Library/Frameworks/Carbon.framework/Versions/A/Frameworks/HIToolbox.framework/Versions/A/HIToolbox
0x0000000003b65000 	/System/Library/Frameworks/QuartzCore.framework/Versions/A/QuartzCore
0x0000000003b65000 	/System/Library/Frameworks/Carbon.framework/Versions/A/Frameworks/SpeechRecognition.framework/Versions/A/SpeechRecognition
0x0000000003b65000 	/usr/lib/libauto.dylib
0x0000000003b65000 	/usr/lib/libicucore.A.dylib
0x0000000003b65000 	/usr/lib/libxml2.2.dylib
0x0000000003b65000 	/System/Library/PrivateFrameworks/CoreUI.framework/Versions/A/CoreUI
0x0000000003b65000 	/System/Library/Frameworks/CoreAudio.framework/Versions/A/CoreAudio
0x0000000003b65000 	/System/Library/Frameworks/DiskArbitration.framework/Versions/A/DiskArbitration
0x0000000003b65000 	/usr/lib/liblangid.dylib
0x0000000003b65000 	/System/Library/PrivateFrameworks/MultitouchSupport.framework/Versions/A/MultitouchSupport
0x0000000003b65000 	/System/Library/Frameworks/IOKit.framework/Versions/A/IOKit
0x0000000003b65000 	/usr/lib/libDiagnosticMessagesClient.dylib
0x0000000003b65000 	/System/Library/Frameworks/CoreServices.framework/Versions/A/CoreServices
0x0000000003b65000 	/System/Library/PrivateFrameworks/PerformanceAnalysis.framework/Versions/A/PerformanceAnalysis
0x0000000003b65000 	/System/Library/PrivateFrameworks/GenerationalStorage.framework/Versions/A/GenerationalStorage
0x0000000003b65000 	/System/Library/Frameworks/OpenGL.framework/Versions/A/OpenGL
0x0000000003b65000 	/System/Library/PrivateFrameworks/Sharing.framework/Versions/A/Sharing
0x0000000003b65000 	/System/Library/Frameworks/CoreGraphics.framework/Versions/A/CoreGraphics
0x0000000003b65000 	/System/Library/Frameworks/CoreImage.framework/Versions/A/CoreImage
0x0000000003b65000 	/System/Library/Frameworks/CoreText.framework/Versions/A/CoreText
0x0000000003b65000 	/System/Library/Frameworks/ImageIO.framework/Versions/A/ImageIO
0x0000000003b65000 	/System/Library/PrivateFrameworks/Backup.framework/Versions/A/Backup
0x0000000003b65000 	/usr/lib/libextension.dylib
0x0000000003b65000 	/usr/lib/libarchive.2.dylib
0x0000000003b65000 	/System/Library/Frameworks/CFNetwork.framework/Versions/A/CFNetwork
0x0000000003b65000 	/System/Library/Frameworks/SystemConfiguration.framework/Versions/A/SystemConfiguration
0x0000000003b65000 	/usr/lib/libCRFSuite.dylib
0x0000000003b65000 	/usr/lib/libc++.1.dylib
0x0000000003b65000 	/usr/lib/libc++abi.dylib
0x0000000003b65000 	/usr/lib/system/libcache.dylib
0x0000000003b65000 	/usr/lib/system/libcommonCrypto.dylib
0x0000000003b65000 	/usr/lib/system/libcompiler_rt.dylib
0x0000000003b65000 	/usr/lib/system/libcopyfile.dylib
0x0000000003b65000 	/usr/lib/system/libcorecrypto.dylib
0x0000000003b65000 	/usr/lib/system/libdispatch.dylib
0x0000000003b65000 	/usr/lib/system/libdyld.dylib
0x0000000003b65000 	/usr/lib/system/libkeymgr.dylib
0x0000000003b65000 	/usr/lib/system/liblaunch.dylib
0x0000000003b65000 	/usr/lib/system/libmacho.dylib
0x0000000003b65000 	/usr/lib/system/libquarantine.dylib
0x0000000003b65000 	/usr/lib/system/libremovefile.dylib
0x0000000003b65000 	/usr/lib/system/libsystem_asl.dylib
0x0000000003b65000 	/usr/lib/system/libsystem_blocks.dylib
0x0000000003b65000 	/usr/lib/system/libsystem_c.dylib
0x0000000003b65000 	/usr/lib/system/libsystem_configuration.dylib
0x0000000003b65000 	/usr/lib/system/libsystem_coreservices.dylib
0x0000000003b65000 	/usr/lib/system/libsystem_coretls.dylib
0x0000000003b65000 	/usr/lib/system/libsystem_dnssd.dylib
0x0000000003b65000 	/usr/lib/system/libsystem_info.dylib
0x0000000003b65000 	/usr/lib/system/libsystem_kernel.dylib
0x0000000003b65000 	/usr/lib/system/libsystem_m.dylib
0x0000000003b65000 	/usr/lib/system/libsystem_malloc.dylib
0x0000000003b65000 	/usr/lib/system/libsystem_network.dylib
0x0000000003b65000 	/usr/lib/system/libsystem_networkextension.dylib
0x0000000003b65000 	/usr/lib/system/libsystem_notify.dylib
0x0000000003b65000 	/usr/lib/system/libsystem_platform.dylib
0x0000000003b65000 	/usr/lib/system/libsystem_pthread.dylib
0x0000000003b65000 	/usr/lib/system/libsystem_sandbox.dylib
0x0000000003b65000 	/usr/lib/system/libsystem_secinit.dylib
0x0000000003b65000 	/usr/lib/system/libsystem_trace.dylib
0x0000000003b65000 	/usr/lib/system/libunc.dylib
0x0000000003b65000 	/usr/lib/system/libunwind.dylib
0x0000000003b65000 	/usr/lib/system/libxpc.dylib
0x0000000003b65000 	/usr/lib/libenergytrace.dylib
0x0000000003b65000 	/usr/lib/libbsm.0.dylib
0x0000000003b65000 	/usr/lib/system/libkxld.dylib
0x0000000003b65000 	/usr/lib/libxar.1.dylib
0x0000000003b65000 	/usr/lib/libsqlite3.dylib
0x0000000003b65000 	/usr/lib/libpam.2.dylib
0x0000000003b65000 	/usr/lib/libOpenScriptingUtil.dylib
0x0000000003b65000 	/usr/lib/libbz2.1.0.dylib
0x0000000003b65000 	/usr/lib/liblzma.5.dylib
0x0000000003b65000 	/System/Library/Frameworks/CoreServices.framework/Versions/A/Frameworks/FSEvents.framework/Versions/A/FSEvents
0x0000000003b65000 	/System/Library/Frameworks/CoreServices.framework/Versions/A/Frameworks/CarbonCore.framework/Versions/A/CarbonCore
0x0000000003b65000 	/System/Library/Frameworks/CoreServices.framework/Versions/A/Frameworks/Metadata.framework/Versions/A/Metadata
0x0000000003b65000 	/System/Library/Frameworks/CoreServices.framework/Versions/A/Frameworks/OSServices.framework/Versions/A/OSServices
0x0000000003b65000 	/System/Library/Frameworks/CoreServices.framework/Versions/A/Frameworks/SearchKit.framework/Versions/A/SearchKit
0x0000000003b65000 	/System/Library/Frameworks/CoreServices.framework/Versions/A/Frameworks/AE.framework/Versions/A/AE
0x0000000003b65000 	/System/Library/Frameworks/CoreServices.framework/Versions/A/Frameworks/LaunchServices.framework/Versions/A/LaunchServices
0x0000000003b65000 	/System/Library/Frameworks/CoreServices.framework/Versions/A/Frameworks/DictionaryServices.framework/Versions/A/DictionaryServices
0x0000000003b65000 	/System/Library/Frameworks/CoreServices.framework/Versions/A/Frameworks/SharedFileList.framework/Versions/A/SharedFileList
0x0000000003b65000 	/System/Library/Frameworks/NetFS.framework/Versions/A/NetFS
0x0000000003b65000 	/System/Library/PrivateFrameworks/NetAuth.framework/Versions/A/NetAuth
0x0000000003b65000 	/System/Library/PrivateFrameworks/login.framework/Versions/A/Frameworks/loginsupport.framework/Versions/A/loginsupport
0x0000000003b65000 	/System/Library/PrivateFrameworks/TCC.framework/Versions/A/TCC
0x0000000003b65000 	/usr/lib/libmecabra.dylib
0x0000000003b65000 	/System/Library/Frameworks/ApplicationServices.framework/Versions/A/Frameworks/ATS.framework/Versions/A/ATS
0x0000000003b65000 	/System/Library/Frameworks/ApplicationServices.framework/Versions/A/Frameworks/ColorSync.framework/Versions/A/ColorSync
0x0000000003b65000 	/System/Library/Frameworks/ApplicationServices.framework/Versions/A/Frameworks/HIServices.framework/Versions/A/HIServices
0x0000000003b65000 	/System/Library/Frameworks/ApplicationServices.framework/Versions/A/Frameworks/LangAnalysis.framework/Versions/A/LangAnalysis
0x0000000003b65000 	/System/Library/Frameworks/ApplicationServices.framework/Versions/A/Frameworks/PrintCore.framework/Versions/A/PrintCore
0x0000000003b65000 	/System/Library/Frameworks/ApplicationServices.framework/Versions/A/Frameworks/QD.framework/Versions/A/QD
0x0000000003b65000 	/System/Library/Frameworks/ApplicationServices.framework/Versions/A/Frameworks/SpeechSynthesis.framework/Versions/A/SpeechSynthesis
0x0000000003b65000 	/System/Library/Frameworks/Metal.framework/Versions/A/Metal
0x0000000003b65000 	/System/Library/Frameworks/Accelerate.framework/Versions/A/Frameworks/vImage.framework/Versions/A/vImage
0x0000000003b65000 	/System/Library/Frameworks/Accelerate.framework/Versions/A/Frameworks/vecLib.framework/Versions/A/vecLib
0x0000000003b65000 	/System/Library/Frameworks/Accelerate.framework/Versions/A/Frameworks/vecLib.framework/Versions/A/libvDSP.dylib
0x0000000003b65000 	/System/Library/Frameworks/Accelerate.framework/Versions/A/Frameworks/vecLib.framework/Versions/A/libvMisc.dylib
0x0000000003b65000 	/System/Library/Frameworks/Accelerate.framework/Versions/A/Frameworks/vecLib.framework/Versions/A/libLAPACK.dylib
0x0000000003b65000 	/System/Library/Frameworks/Accelerate.framework/Versions/A/Frameworks/vecLib.framework/Versions/A/libBLAS.dylib
0x0000000003b65000 	/System/Library/Frameworks/Accelerate.framework/Versions/A/Frameworks/vecLib.framework/Versions/A/libLinearAlgebra.dylib
0x0000000003b65000 	/System/Library/Frameworks/Accelerate.framework/Versions/A/Frameworks/vecLib.framework/Versions/A/libSparseBLAS.dylib
0x0000000003b65000 	/System/Library/PrivateFrameworks/GPUCompiler.framework/libmetal_timestamp.dylib
0x0000000003b65000 	/System/Library/Frameworks/OpenGL.framework/Versions/A/Libraries/libCoreFSCache.dylib
0x0000000003b65000 	/System/Library/PrivateFrameworks/IOAccelerator.framework/Versions/A/IOAccelerator
0x0000000003b65000 	/System/Library/Frameworks/ApplicationServices.framework/Versions/A/Frameworks/ATS.framework/Versions/A/Resources/libFontParser.dylib
0x0000000003b65000 	/System/Library/Frameworks/ApplicationServices.framework/Versions/A/Frameworks/ATS.framework/Versions/A/Resources/libFontRegistry.dylib
0x0000000003b65000 	/System/Library/PrivateFrameworks/AppleVPA.framework/Versions/A/AppleVPA
0x0000000003b65000 	/System/Library/PrivateFrameworks/AppleJPEG.framework/Versions/A/AppleJPEG
0x0000000003b65000 	/System/Library/Frameworks/ImageIO.framework/Versions/A/Resources/libJPEG.dylib
0x0000000003b65000 	/System/Library/Frameworks/ImageIO.framework/Versions/A/Resources/libTIFF.dylib
0x0000000003b65000 	/System/Library/Frameworks/ImageIO.framework/Versions/A/Resources/libPng.dylib
0x0000000003b65000 	/System/Library/Frameworks/ImageIO.framework/Versions/A/Resources/libGIF.dylib
0x0000000003b65000 	/System/Library/Frameworks/ImageIO.framework/Versions/A/Resources/libJP2.dylib
0x0000000003b65000 	/System/Library/Frameworks/ImageIO.framework/Versions/A/Resources/libRadiance.dylib
0x0000000003b65000 	/System/Library/Frameworks/CoreVideo.framework/Versions/A/CoreVideo
0x0000000003b65000 	/System/Library/Frameworks/OpenGL.framework/Versions/A/Libraries/libGLU.dylib
0x0000000003b65000 	/System/Library/Frameworks/OpenGL.framework/Versions/A/Libraries/libGFXShared.dylib
0x0000000003b65000 	/System/Library/Frameworks/OpenGL.framework/Versions/A/Libraries/libGL.dylib
0x0000000003b65000 	/System/Library/Frameworks/OpenGL.framework/Versions/A/Libraries/libGLImage.dylib
0x0000000003b65000 	/System/Library/Frameworks/OpenGL.framework/Versions/A/Libraries/libCVMSPluginSupport.dylib
0x0000000003b65000 	/System/Library/Frameworks/OpenGL.framework/Versions/A/Libraries/libCoreVMClient.dylib
0x0000000003b65000 	/usr/lib/libcups.2.dylib
0x0000000003b65000 	/System/Library/Frameworks/Kerberos.framework/Versions/A/Kerberos
0x0000000003b65000 	/System/Library/Frameworks/GSS.framework/Versions/A/GSS
0x0000000003b65000 	/usr/lib/libresolv.9.dylib
0x0000000003b65000 	/usr/lib/libiconv.2.dylib
0x0000000003b65000 	/System/Library/PrivateFrameworks/Heimdal.framework/Versions/A/Heimdal
0x0000000003b65000 	/usr/lib/libheimdal-asn1.dylib
0x0000000003b65000 	/System/Library/Frameworks/OpenDirectory.framework/Versions/A/OpenDirectory
0x0000000003b65000 	/System/Library/PrivateFrameworks/CommonAuth.framework/Versions/A/CommonAuth
0x0000000003b65000 	/System/Library/Frameworks/OpenDirectory.framework/Versions/A/Frameworks/CFOpenDirectory.framework/Versions/A/CFOpenDirectory
0x0000000003b65000 	/System/Library/Frameworks/SecurityFoundation.framework/Versions/A/SecurityFoundation
0x0000000003b65000 	/System/Library/PrivateFrameworks/LanguageModeling.framework/Versions/A/LanguageModeling
0x0000000003b65000 	/usr/lib/libmarisa.dylib
0x0000000003b65000 	/usr/lib/libChineseTokenizer.dylib
0x0000000003b65000 	/usr/lib/libcmph.dylib
0x0000000003b65000 	/usr/lib/libcompression.dylib
0x0000000003b65000 	/System/Library/Frameworks/ServiceManagement.framework/Versions/A/ServiceManagement
0x0000000003b65000 	/usr/lib/libxslt.1.dylib
0x0000000003b65000 	/System/Library/Frameworks/Carbon.framework/Versions/A/Frameworks/Ink.framework/Versions/A/Ink
0x0000000003b65000 	/usr/lib/libFosl_dynamic.dylib
0x0000000003b65000 	/System/Library/PrivateFrameworks/FaceCore.framework/Versions/A/FaceCore
0x0000000003b65000 	/System/Library/Frameworks/OpenCL.framework/Versions/A/OpenCL
0x0000000003b65000 	/System/Library/PrivateFrameworks/CrashReporterSupport.framework/Versions/A/CrashReporterSupport
0x0000000003b65000 	/System/Library/PrivateFrameworks/IconServices.framework/Versions/A/IconServices
0x0000000003b65000 	/System/Library/PrivateFrameworks/Apple80211.framework/Versions/A/Apple80211
0x0000000003b65000 	/System/Library/Frameworks/CoreWLAN.framework/Versions/A/CoreWLAN
0x0000000003b65000 	/System/Library/Frameworks/IOBluetooth.framework/Versions/A/IOBluetooth
0x0000000003b65000 	/System/Library/PrivateFrameworks/CoreWiFi.framework/Versions/A/CoreWiFi
0x0000000003b65000 	/System/Library/Frameworks/CoreBluetooth.framework/Versions/A/CoreBluetooth
0x0000000003b65000 	/System/Library/PrivateFrameworks/ChunkingLibrary.framework/Versions/A/ChunkingLibrary
0x0000000003b65000 	/System/Library/PrivateFrameworks/DebugSymbols.framework/Versions/A/DebugSymbols
0x0000000003b65000 	/System/Library/PrivateFrameworks/CoreSymbolication.framework/Versions/A/CoreSymbolication
0x0000000003b65000 	/System/Library/PrivateFrameworks/Symbolication.framework/Versions/A/Symbolication
0x0000000003b65000 	/System/Library/PrivateFrameworks/SpeechRecognitionCore.framework/Versions/A/SpeechRecognitionCore
0x000000010dc00000 	/Library/Java/JavaVirtualMachines/jdk1.7.0_79.jdk/Contents/Home/jre/lib/server/libjvm.dylib
0x0000000003b65000 	/usr/lib/libstdc++.6.dylib
0x000000010cb6f000 	/Library/Java/JavaVirtualMachines/jdk1.7.0_79.jdk/Contents/Home/jre/lib/libverify.dylib
0x000000010cb7c000 	/Library/Java/JavaVirtualMachines/jdk1.7.0_79.jdk/Contents/Home/jre/lib/libjava.dylib
0x000000010cbad000 	/Library/Java/JavaVirtualMachines/jdk1.7.0_79.jdk/Contents/Home/jre/lib/libjdwp.dylib
0x000000010cbea000 	/Library/Java/JavaVirtualMachines/jdk1.7.0_79.jdk/Contents/Home/jre/lib/libnpt.dylib
0x000000010cbf7000 	/Library/Java/JavaVirtualMachines/jdk1.7.0_79.jdk/Contents/Home/jre/lib/libzip.dylib
0x000000011cf12000 	/System/Library/Frameworks/JavaVM.framework/Frameworks/JavaRuntimeSupport.framework/JavaRuntimeSupport
0x000000011cf2d000 	/System/Library/Frameworks/JavaVM.framework/Versions/A/Frameworks/JavaNativeFoundation.framework/Versions/A/JavaNativeFoundation
0x000000011cf42000 	/System/Library/Frameworks/JavaVM.framework/Versions/A/JavaVM
0x0000000003b65000 	/System/Library/Frameworks/Carbon.framework/Versions/A/Carbon
0x000000011cf4f000 	/System/Library/PrivateFrameworks/JavaLaunching.framework/Versions/A/JavaLaunching
0x0000000003b65000 	/System/Library/Frameworks/Carbon.framework/Versions/A/Frameworks/CommonPanels.framework/Versions/A/CommonPanels
0x0000000003b65000 	/System/Library/Frameworks/Carbon.framework/Versions/A/Frameworks/Help.framework/Versions/A/Help
0x0000000003b65000 	/System/Library/Frameworks/Carbon.framework/Versions/A/Frameworks/ImageCapture.framework/Versions/A/ImageCapture
0x0000000003b65000 	/System/Library/Frameworks/Carbon.framework/Versions/A/Frameworks/OpenScripting.framework/Versions/A/OpenScripting
0x0000000003b65000 	/System/Library/Frameworks/Carbon.framework/Versions/A/Frameworks/Print.framework/Versions/A/Print
0x0000000003b65000 	/System/Library/Frameworks/Carbon.framework/Versions/A/Frameworks/SecurityHI.framework/Versions/A/SecurityHI
0x000000011e870000 	/Library/Java/JavaVirtualMachines/jdk1.7.0_79.jdk/Contents/Home/jre/lib/libdt_socket.dylib
0x000000011e938000 	/Library/Java/JavaVirtualMachines/jdk1.7.0_79.jdk/Contents/Home/jre/lib/libnet.dylib
0x000000011e996000 	/Library/Java/JavaVirtualMachines/jdk1.7.0_79.jdk/Contents/Home/jre/lib/libmanagement.dylib
0x000000011e9a1000 	/Library/Java/JavaVirtualMachines/jdk1.7.0_79.jdk/Contents/Home/jre/lib/libnio.dylib

VM Arguments:
jvm_args: -agentlib:jdwp=transport=dt_socket,suspend=y,address=localhost:62850 -Dfile.encoding=UTF-8 
java_command: com.testData.core.DataAnalytics.MongoUtil
Launcher Type: SUN_STANDARD

Environment Variables:
PATH=/usr/bin:/bin:/usr/sbin:/sbin
SHELL=/bin/bash

Signal Handlers:
SIGSEGV: [libjvm.dylib+0x52daf1], sa_mask[0]=0xfffefeff, sa_flags=0x00000043
SIGBUS: [libjvm.dylib+0x52daf1], sa_mask[0]=0xfffefeff, sa_flags=0x00000042
SIGFPE: [libjvm.dylib+0x41f34e], sa_mask[0]=0xfffefeff, sa_flags=0x00000042
SIGPIPE: [libjvm.dylib+0x41f34e], sa_mask[0]=0xfffefeff, sa_flags=0x00000042
SIGXFSZ: [libjvm.dylib+0x41f34e], sa_mask[0]=0xfffefeff, sa_flags=0x00000042
SIGILL: [libjvm.dylib+0x41f34e], sa_mask[0]=0xfffefeff, sa_flags=0x00000042
SIGUSR1: SIG_DFL, sa_mask[0]=0x00000000, sa_flags=0x00000000
SIGUSR2: [libjvm.dylib+0x41ee40], sa_mask[0]=0x00000004, sa_flags=0x00000042
SIGHUP: [libjvm.dylib+0x41d0d1], sa_mask[0]=0xfffefeff, sa_flags=0x00000042
SIGINT: [libjvm.dylib+0x41d0d1], sa_mask[0]=0xfffefeff, sa_flags=0x00000042
SIGTERM: [libjvm.dylib+0x41d0d1], sa_mask[0]=0xfffefeff, sa_flags=0x00000042
SIGQUIT: [libjvm.dylib+0x41d0d1], sa_mask[0]=0xfffefeff, sa_flags=0x00000042


---------------  S Y S T E M  ---------------

OS:Bsduname:Darwin 15.3.0 Darwin Kernel Version 15.3.0: Thu Dec 10 18:40:58 PST 2015; root:xnu-3248.30.4~1/RELEASE_X86_64 x86_64
rlimit: STACK 8192k, CORE 0k, NPROC 709, NOFILE 10240, AS infinity
load average:2.42 2.23 2.32

CPU:total 8 (4 cores per cpu, 2 threads per core) family 6 model 70 stepping 1, cmov, cx8, fxsr, mmx, sse, sse2, sse3, ssse3, sse4.1, sse4.2, popcnt, avx, avx2, aes, erms, ht, tsc, tscinvbit

Memory: 4k page, physical 16777216k(4194304k free)

/proc/meminfo:


vm_info: Java HotSpot(TM) 64-Bit Server VM (24.79-b02) for bsd-amd64 JRE (1.7.0_79-b15), built on Apr 10 2015 11:35:04 by "java_re" with gcc 4.2.1 (Based on Apple Inc. build 5658) (LLVM build 2336.11.00)

time: Sat Feb 13 08:58:26 2016
elapsed time: 1940 seconds

